# JRE version: Java(TM) SE Runtime Environment (8.0_60-b27) (build 1.8.0_60-b27)
# Java VM: Java HotSpot(TM) 64-Bit Server VM (25.60-b23 mixed mode bsd-amd64 compressed oops)
Heap:
 PSYoungGen      total 272896K, used 165590K [0x00000007aab00000, 0x00000007c0000000, 0x00000007c0000000)
  eden space 259584K, 63% used [0x00000007aab00000,0x00000007b4cb5a88,0x00000007ba880000)
  from space 13312K, 0% used [0x00000007ba880000,0x00000007ba880000,0x00000007bb580000)
  to   space 14848K, 0% used [0x00000007bf180000,0x00000007bf180000,0x00000007c0000000)
 ParOldGen       total 146432K, used 20780K [0x0000000780000000, 0x0000000788f00000, 0x00000007aab00000)
  object space 146432K, 14% used [0x0000000780000000,0x000000078144b000,0x0000000788f00000)
 Metaspace       used 42875K, capacity 43944K, committed 44288K, reserved 1087488K
  class space    used 5798K, capacity 6034K, committed 6144K, reserved 1048576K
GC Heap History (10 events):
Event: 2.206 GC heap before
{Heap before GC invocations=5 (full 0):
 PSYoungGen      total 141824K, used 66759K [0x00000007aab00000, 0x00000007b4000000, 0x00000007c0000000)
  eden space 131072K, 44% used [0x00000007aab00000,0x00000007ae418bc8,0x00000007b2b00000)
  from space 10752K, 77% used [0x00000007b3580000,0x00000007b3d990d0,0x00000007b4000000)
  to   space 10752K, 0% used [0x00000007b2b00000,0x00000007b2b00000,0x00000007b3580000)
 ParOldGen       total 175104K, used 912K [0x0000000780000000, 0x000000078ab00000, 0x00000007aab00000)
  object space 175104K, 0% used [0x0000000780000000,0x00000007800e4390,0x000000078ab00000)
 Metaspace       used 20849K, capacity 21140K, committed 21248K, reserved 1067008K
  class space    used 2694K, capacity 2780K, committed 2816K, reserved 1048576K
Event: 2.214 GC heap after
Heap after GC invocations=5 (full 0):
 PSYoungGen      total 141824K, used 9982K [0x00000007aab00000, 0x00000007bc300000, 0x00000007c0000000)
  eden space 131072K, 0% used [0x00000007aab00000,0x00000007aab00000,0x00000007b2b00000)
  from space 10752K, 92% used [0x00000007b2b00000,0x00000007b34bfb30,0x00000007b3580000)
  to   space 12288K, 0% used [0x00000007bb700000,0x00000007bb700000,0x00000007bc300000)
 ParOldGen       total 175104K, used 920K [0x0000000780000000, 0x000000078ab00000, 0x00000007aab00000)
  object space 175104K, 0% used [0x0000000780000000,0x00000007800e6390,0x000000078ab00000)
 Metaspace       used 20849K, capacity 21140K, committed 21248K, reserved 1067008K
  class space    used 2694K, capacity 2780K, committed 2816K, reserved 1048576K
}
Event: 2.214 GC heap before
{Heap before GC invocations=6 (full 1):
 PSYoungGen      total 141824K, used 9982K [0x00000007aab00000, 0x00000007bc300000, 0x00000007c0000000)
  eden space 131072K, 0% used [0x00000007aab00000,0x00000007aab00000,0x00000007b2b00000)
  from space 10752K, 92% used [0x00000007b2b00000,0x00000007b34bfb30,0x00000007b3580000)
  to   space 12288K, 0% used [0x00000007bb700000,0x00000007bb700000,0x00000007bc300000)
 ParOldGen       total 175104K, used 920K [0x0000000780000000, 0x000000078ab00000, 0x00000007aab00000)
  object space 175104K, 0% used [0x0000000780000000,0x00000007800e6390,0x000000078ab00000)
 Metaspace       used 20849K, capacity 21140K, committed 21248K, reserved 1067008K
  class space    used 2694K, capacity 2780K, committed 2816K, reserved 1048576K
Event: 2.245 GC heap after
Heap after GC invocations=6 (full 1):
 PSYoungGen      total 141824K, used 0K [0x00000007aab00000, 0x00000007bc300000, 0x00000007c0000000)
  eden space 131072K, 0% used [0x00000007aab00000,0x00000007aab00000,0x00000007b2b00000)
  from space 10752K, 0% used [0x00000007b2b00000,0x00000007b2b00000,0x00000007b3580000)
  to   space 12288K, 0% used [0x00000007bb700000,0x00000007bb700000,0x00000007bc300000)
 ParOldGen       total 96256K, used 9819K [0x0000000780000000, 0x0000000785e00000, 0x00000007aab00000)
  object space 96256K, 10% used [0x0000000780000000,0x0000000780996f70,0x0000000785e00000)
 Metaspace       used 20849K, capacity 21140K, committed 21248K, reserved 1067008K
  class space    used 2694K, capacity 2780K, committed 2816K, reserved 1048576K
}
Event: 3.422 GC heap before
{Heap before GC invocations=7 (full 1):
 PSYoungGen      total 141824K, used 131072K [0x00000007aab00000, 0x00000007bc300000, 0x00000007c0000000)
  eden space 131072K, 100% used [0x00000007aab00000,0x00000007b2b00000,0x00000007b2b00000)
  from space 10752K, 0% used [0x00000007b2b00000,0x00000007b2b00000,0x00000007b3580000)
  to   space 12288K, 0% used [0x00000007bb700000,0x00000007bb700000,0x00000007bc300000)
 ParOldGen       total 96256K, used 9819K [0x0000000780000000, 0x0000000785e00000, 0x00000007aab00000)
  object space 96256K, 10% used [0x0000000780000000,0x0000000780996f70,0x0000000785e00000)
 Metaspace       used 29645K, capacity 30268K, committed 30592K, reserved 1075200K
  class space    used 3968K, capacity 4141K, committed 4224K, reserved 1048576K
Event: 3.435 GC heap after
Heap after GC invocations=7 (full 1):
 PSYoungGen      total 229376K, used 11719K [0x00000007aab00000, 0x00000007bc280000, 0x00000007c0000000)
  eden space 217600K, 0% used [0x00000007aab00000,0x00000007aab00000,0x00000007b7f80000)
  from space 11776K, 99% used [0x00000007bb700000,0x00000007bc271f40,0x00000007bc280000)
  to   space 13312K, 0% used [0x00000007ba880000,0x00000007ba880000,0x00000007bb580000)
 ParOldGen       total 96256K, used 9891K [0x0000000780000000, 0x0000000785e00000, 0x00000007aab00000)
  object space 96256K, 10% used [0x0000000780000000,0x00000007809a8f80,0x0000000785e00000)
 Metaspace       used 29645K, capacity 30268K, committed 30592K, reserved 1075200K
  class space    used 3968K, capacity 4141K, committed 4224K, reserved 1048576K
}
Event: 4.478 GC heap before
{Heap before GC invocations=8 (full 1):
 PSYoungGen      total 229376K, used 132827K [0x00000007aab00000, 0x00000007bc280000, 0x00000007c0000000)
  eden space 217600K, 55% used [0x00000007aab00000,0x00000007b2144d18,0x00000007b7f80000)
  from space 11776K, 99% used [0x00000007bb700000,0x00000007bc271f40,0x00000007bc280000)
  to   space 13312K, 0% used [0x00000007ba880000,0x00000007ba880000,0x00000007bb580000)
 ParOldGen       total 96256K, used 9891K [0x0000000780000000, 0x0000000785e00000, 0x00000007aab00000)
  object space 96256K, 10% used [0x0000000780000000,0x00000007809a8f80,0x0000000785e00000)
 Metaspace       used 34497K, capacity 35372K, committed 35416K, reserved 1079296K
  class space    used 4620K, capacity 4860K, committed 4864K, reserved 1048576K
Event: 4.489 GC heap after
Heap after GC invocations=8 (full 1):
 PSYoungGen      total 272896K, used 13305K [0x00000007aab00000, 0x00000007c0000000, 0x00000007c0000000)
  eden space 259584K, 0% used [0x00000007aab00000,0x00000007aab00000,0x00000007ba880000)
  from space 13312K, 99% used [0x00000007ba880000,0x00000007bb57e7a8,0x00000007bb580000)
  to   space 14848K, 0% used [0x00000007bf180000,0x00000007bf180000,0x00000007c0000000)
 ParOldGen       total 96256K, used 10744K [0x0000000780000000, 0x0000000785e00000, 0x00000007aab00000)
  object space 96256K, 11% used [0x0000000780000000,0x0000000780a7e088,0x0000000785e00000)
 Metaspace       used 34497K, capacity 35372K, committed 35416K, reserved 1079296K
  class space    used 4620K, capacity 4860K, committed 4864K, reserved 1048576K
}
Event: 4.489 GC heap before
{Heap before GC invocations=9 (full 2):
 PSYoungGen      total 272896K, used 13305K [0x00000007aab00000, 0x00000007c0000000, 0x00000007c0000000)
  eden space 259584K, 0% used [0x00000007aab00000,0x00000007aab00000,0x00000007ba880000)
  from space 13312K, 99% used [0x00000007ba880000,0x00000007bb57e7a8,0x00000007bb580000)
  to   space 14848K, 0% used [0x00000007bf180000,0x00000007bf180000,0x00000007c0000000)
 ParOldGen       total 96256K, used 10744K [0x0000000780000000, 0x0000000785e00000, 0x00000007aab00000)
  object space 96256K, 11% used [0x0000000780000000,0x0000000780a7e088,0x0000000785e00000)
 Metaspace       used 34497K, capacity 35372K, committed 35416K, reserved 1079296K
  class space    used 4620K, capacity 4860K, committed 4864K, reserved 1048576K
Event: 4.541 GC heap after
Heap after GC invocations=9 (full 2):
 PSYoungGen      total 272896K, used 0K [0x00000007aab00000, 0x00000007c0000000, 0x00000007c0000000)
  eden space 259584K, 0% used [0x00000007aab00000,0x00000007aab00000,0x00000007ba880000)
  from space 13312K, 0% used [0x00000007ba880000,0x00000007ba880000,0x00000007bb580000)
  to   space 14848K, 0% used [0x00000007bf180000,0x00000007bf180000,0x00000007c0000000)
 ParOldGen       total 146432K, used 20780K [0x0000000780000000, 0x0000000788f00000, 0x00000007aab00000)
  object space 146432K, 14% used [0x0000000780000000,0x000000078144b000,0x0000000788f00000)
 Metaspace       used 34420K, capacity 35220K, committed 35416K, reserved 1079296K
  class space    used 4596K, capacity 4832K, committed 4864K, reserved 1048576K
}

