# JRE version: Java(TM) SE Runtime Environment (8.0_60-b27) (build 1.8.0_60-b27)
# Java VM: Java HotSpot(TM) 64-Bit Server VM (25.60-b23 mixed mode bsd-amd64 compressed oops)
Heap:
 PSYoungGen      total 141824K, used 128111K [0x00000007aab00000, 0x00000007bc300000, 0x00000007c0000000)
  eden space 131072K, 97% used [0x00000007aab00000,0x00000007b281bef8,0x00000007b2b00000)
  from space 10752K, 0% used [0x00000007b2b00000,0x00000007b2b00000,0x00000007b3580000)
  to   space 12288K, 0% used [0x00000007bb700000,0x00000007bb700000,0x00000007bc300000)
 ParOldGen       total 100352K, used 10105K [0x0000000780000000, 0x0000000786200000, 0x00000007aab00000)
  object space 100352K, 10% used [0x0000000780000000,0x00000007809de768,0x0000000786200000)
 Metaspace       used 29646K, capacity 30320K, committed 30592K, reserved 1075200K
  class space    used 3960K, capacity 4133K, committed 4224K, reserved 1048576K
GC Heap History (10 events):
Event: 1.445 GC heap before
{Heap before GC invocations=2 (full 0):
 PSYoungGen      total 76288K, used 73934K [0x00000007aab00000, 0x00000007b0000000, 0x00000007c0000000)
  eden space 65536K, 100% used [0x00000007aab00000,0x00000007aeb00000,0x00000007aeb00000)
  from space 10752K, 78% used [0x00000007aeb00000,0x00000007af333a58,0x00000007af580000)
  to   space 10752K, 0% used [0x00000007af580000,0x00000007af580000,0x00000007b0000000)
 ParOldGen       total 175104K, used 16K [0x0000000780000000, 0x000000078ab00000, 0x00000007aab00000)
  object space 175104K, 0% used [0x0000000780000000,0x0000000780004000,0x000000078ab00000)
 Metaspace       used 19764K, capacity 20128K, committed 20480K, reserved 1067008K
  class space    used 2610K, capacity 2716K, committed 2816K, reserved 1048576K
Event: 1.458 GC heap after
Heap after GC invocations=2 (full 0):
 PSYoungGen      total 76288K, used 10741K [0x00000007aab00000, 0x00000007b4000000, 0x00000007c0000000)
  eden space 65536K, 0% used [0x00000007aab00000,0x00000007aab00000,0x00000007aeb00000)
  from space 10752K, 99% used [0x00000007af580000,0x00000007afffd768,0x00000007b0000000)
  to   space 10752K, 0% used [0x00000007aeb00000,0x00000007aeb00000,0x00000007af580000)
 ParOldGen       total 175104K, used 933K [0x0000000780000000, 0x000000078ab00000, 0x00000007aab00000)
  object space 175104K, 0% used [0x0000000780000000,0x00000007800e9570,0x000000078ab00000)
 Metaspace       used 19764K, capacity 20128K, committed 20480K, reserved 1067008K
  class space    used 2610K, capacity 2716K, committed 2816K, reserved 1048576K
}
Event: 1.622 GC heap before
{Heap before GC invocations=3 (full 0):
 PSYoungGen      total 76288K, used 76277K [0x00000007aab00000, 0x00000007b4000000, 0x00000007c0000000)
  eden space 65536K, 100% used [0x00000007aab00000,0x00000007aeb00000,0x00000007aeb00000)
  from space 10752K, 99% used [0x00000007af580000,0x00000007afffd768,0x00000007b0000000)
  to   space 10752K, 0% used [0x00000007aeb00000,0x00000007aeb00000,0x00000007af580000)
 ParOldGen       total 175104K, used 933K [0x0000000780000000, 0x000000078ab00000, 0x00000007aab00000)
  object space 175104K, 0% used [0x0000000780000000,0x00000007800e9570,0x000000078ab00000)
 Metaspace       used 19841K, capacity 20192K, committed 20480K, reserved 1067008K
  class space    used 2611K, capacity 2716K, committed 2816K, reserved 1048576K
Event: 1.627 GC heap after
Heap after GC invocations=3 (full 0):
 PSYoungGen      total 76288K, used 7752K [0x00000007aab00000, 0x00000007b4000000, 0x00000007c0000000)
  eden space 65536K, 0% used [0x00000007aab00000,0x00000007aab00000,0x00000007aeb00000)
  from space 10752K, 72% used [0x00000007aeb00000,0x00000007af292110,0x00000007af580000)
  to   space 10752K, 0% used [0x00000007b3580000,0x00000007b3580000,0x00000007b4000000)
 ParOldGen       total 175104K, used 941K [0x0000000780000000, 0x000000078ab00000, 0x00000007aab00000)
  object space 175104K, 0% used [0x0000000780000000,0x00000007800eb570,0x000000078ab00000)
 Metaspace       used 19841K, capacity 20192K, committed 20480K, reserved 1067008K
  class space    used 2611K, capacity 2716K, committed 2816K, reserved 1048576K
}
Event: 1.742 GC heap before
{Heap before GC invocations=4 (full 0):
 PSYoungGen      total 76288K, used 73288K [0x00000007aab00000, 0x00000007b4000000, 0x00000007c0000000)
  eden space 65536K, 100% used [0x00000007aab00000,0x00000007aeb00000,0x00000007aeb00000)
  from space 10752K, 72% used [0x00000007aeb00000,0x00000007af292110,0x00000007af580000)
  to   space 10752K, 0% used [0x00000007b3580000,0x00000007b3580000,0x00000007b4000000)
 ParOldGen       total 175104K, used 941K [0x0000000780000000, 0x000000078ab00000, 0x00000007aab00000)
  object space 175104K, 0% used [0x0000000780000000,0x00000007800eb570,0x000000078ab00000)
 Metaspace       used 19848K, capacity 20192K, committed 20480K, reserved 1067008K
  class space    used 2611K, capacity 2716K, committed 2816K, reserved 1048576K
Event: 1.748 GC heap after
Heap after GC invocations=4 (full 0):
 PSYoungGen      total 141824K, used 8308K [0x00000007aab00000, 0x00000007b4000000, 0x00000007c0000000)
  eden space 131072K, 0% used [0x00000007aab00000,0x00000007aab00000,0x00000007b2b00000)
  from space 10752K, 77% used [0x00000007b3580000,0x00000007b3d9d0e0,0x00000007b4000000)
  to   space 10752K, 0% used [0x00000007b2b00000,0x00000007b2b00000,0x00000007b3580000)
 ParOldGen       total 175104K, used 949K [0x0000000780000000, 0x000000078ab00000, 0x00000007aab00000)
  object space 175104K, 0% used [0x0000000780000000,0x00000007800ed570,0x000000078ab00000)
 Metaspace       used 19848K, capacity 20192K, committed 20480K, reserved 1067008K
  class space    used 2611K, capacity 2716K, committed 2816K, reserved 1048576K
}
Event: 1.886 GC heap before
{Heap before GC invocations=5 (full 0):
 PSYoungGen      total 141824K, used 67264K [0x00000007aab00000, 0x00000007b4000000, 0x00000007c0000000)
  eden space 131072K, 44% used [0x00000007aab00000,0x00000007ae493040,0x00000007b2b00000)
  from space 10752K, 77% used [0x00000007b3580000,0x00000007b3d9d0e0,0x00000007b4000000)
  to   space 10752K, 0% used [0x00000007b2b00000,0x00000007b2b00000,0x00000007b3580000)
 ParOldGen       total 175104K, used 949K [0x0000000780000000, 0x000000078ab00000, 0x00000007aab00000)
  object space 175104K, 0% used [0x0000000780000000,0x00000007800ed570,0x000000078ab00000)
 Metaspace       used 20835K, capacity 21100K, committed 21296K, reserved 1069056K
  class space    used 2701K, capacity 2782K, committed 2816K, reserved 1048576K
Event: 1.893 GC heap after
Heap after GC invocations=5 (full 0):
 PSYoungGen      total 141824K, used 10274K [0x00000007aab00000, 0x00000007bc300000, 0x00000007c0000000)
  eden space 131072K, 0% used [0x00000007aab00000,0x00000007aab00000,0x00000007b2b00000)
  from space 10752K, 95% used [0x00000007b2b00000,0x00000007b3508b30,0x00000007b3580000)
  to   space 12288K, 0% used [0x00000007bb700000,0x00000007bb700000,0x00000007bc300000)
 ParOldGen       total 175104K, used 957K [0x0000000780000000, 0x000000078ab00000, 0x00000007aab00000)
  object space 175104K, 0% used [0x0000000780000000,0x00000007800ef570,0x000000078ab00000)
 Metaspace       used 20835K, capacity 21100K, committed 21296K, reserved 1069056K
  class space    used 2701K, capacity 2782K, committed 2816K, reserved 1048576K
}
Event: 1.893 GC heap before
{Heap before GC invocations=6 (full 1):
 PSYoungGen      total 141824K, used 10274K [0x00000007aab00000, 0x00000007bc300000, 0x00000007c0000000)
  eden space 131072K, 0% used [0x00000007aab00000,0x00000007aab00000,0x00000007b2b00000)
  from space 10752K, 95% used [0x00000007b2b00000,0x00000007b3508b30,0x00000007b3580000)
  to   space 12288K, 0% used [0x00000007bb700000,0x00000007bb700000,0x00000007bc300000)
 ParOldGen       total 175104K, used 957K [0x0000000780000000, 0x000000078ab00000, 0x00000007aab00000)
  object space 175104K, 0% used [0x0000000780000000,0x00000007800ef570,0x000000078ab00000)
 Metaspace       used 20835K, capacity 21100K, committed 21296K, reserved 1069056K
  class space    used 2701K, capacity 2782K, committed 2816K, reserved 1048576K
Event: 1.928 GC heap after
Heap after GC invocations=6 (full 1):
 PSYoungGen      total 141824K, used 0K [0x00000007aab00000, 0x00000007bc300000, 0x00000007c0000000)
  eden space 131072K, 0% used [0x00000007aab00000,0x00000007aab00000,0x00000007b2b00000)
  from space 10752K, 0% used [0x00000007b2b00000,0x00000007b2b00000,0x00000007b3580000)
  to   space 12288K, 0% used [0x00000007bb700000,0x00000007bb700000,0x00000007bc300000)
 ParOldGen       total 100352K, used 10105K [0x0000000780000000, 0x0000000786200000, 0x00000007aab00000)
  object space 100352K, 10% used [0x0000000780000000,0x00000007809de768,0x0000000786200000)
 Metaspace       used 20835K, capacity 21100K, committed 21296K, reserved 1069056K
  class space    used 2701K, capacity 2782K, committed 2816K, reserved 1048576K
}

